Using pre-set license
Built from '2020.3/china_unity/release' branch; Version is '2020.3.30f1c1 (b9cd9c36b8f8) revision 12176796'; Using compiler version '192528614'; Build Type 'Release'
OS: 'Windows 10  (10.0.19044) 64bit CoreCountrySpecific' Language: 'zh' Physical Memory: 16291 MB
BatchMode: 1, IsHumanControllingUs: 0, StartBugReporterOnCrash: 0, Is64bit: 1, IsPro: 0

COMMAND LINE ARGUMENTS:
E:\Unity\2020.3.30f1c1\Editor\Unity.exe
-adb2
-batchMode
-noUpm
-name
AssetImportWorker0
-projectPath
D:/github project/HerbTrail
-logFile
Logs/AssetImportWorker0.log
-srvPort
64646
Successfully changed project path to: D:/github project/HerbTrail
D:/github project/HerbTrail
Using Asset Import Pipeline V2.
AS: AutoStreaming module initializing.Refreshing native plugins compatible for Editor in 42.33 ms, found 3 plugins.
Preloading 0 native plugins for Editor in 0.00 ms.
Initialize engine version: 2020.3.30f1c1 (b9cd9c36b8f8)
[Subsystems] Discovering subsystems at path E:/Unity/2020.3.30f1c1/Editor/Data/Resources/UnitySubsystems
[Subsystems] Discovering subsystems at path D:/github project/HerbTrail/Assets
GfxDevice: creating device client; threaded=0
Direct3D:
    Version:  Direct3D 11.0 [level 11.1]
    Renderer: NVIDIA GeForce GTX 1650 Ti (ID=0x1f95)
    Vendor:   
    VRAM:     3962 MB
    Driver:   31.0.15.1601
Initialize mono
Mono path[0] = 'E:/Unity/2020.3.30f1c1/Editor/Data/Managed'
Mono path[1] = 'E:/Unity/2020.3.30f1c1/Editor/Data/MonoBleedingEdge/lib/mono/unityjit'
Mono config path = 'E:/Unity/2020.3.30f1c1/Editor/Data/MonoBleedingEdge/etc'
Using monoOptions --debugger-agent=transport=dt_socket,embedding=1,server=y,suspend=n,address=127.0.0.1:56940
Begin MonoManager ReloadAssembly
Registering precompiled unity dll's ...
Register platform support module: E:/Unity/2020.3.30f1c1/Editor/Data/PlaybackEngines/WindowsStandaloneSupport/UnityEditor.WindowsStandalone.Extensions.dll
Registered in 0.003631 seconds.
Native extension for WindowsStandalone target not found
Refreshing native plugins compatible for Editor in 41.40 ms, found 3 plugins.
Preloading 0 native plugins for Editor in 0.00 ms.
Mono: successfully reloaded assembly
- Completed reload, in  0.554 seconds
Domain Reload Profiling:
	ReloadAssembly (554ms)
		BeginReloadAssembly (75ms)
			ExecutionOrderSort (0ms)
			DisableScriptedObjects (0ms)
			BackupInstance (0ms)
			ReleaseScriptingObjects (0ms)
			CreateAndSetChildDomain (1ms)
		EndReloadAssembly (407ms)
			LoadAssemblies (71ms)
			RebuildTransferFunctionScriptingTraits (0ms)
			SetupTypeCache (134ms)
			ReleaseScriptCaches (0ms)
			RebuildScriptCaches (26ms)
			SetupLoadedEditorAssemblies (151ms)
				LogAssemblyErrors (0ms)
				InitializePlatformSupportModulesInManaged (4ms)
				SetLoadedEditorAssemblies (0ms)
				RefreshPlugins (41ms)
				BeforeProcessingInitializeOnLoad (12ms)
				ProcessInitializeOnLoadAttributes (71ms)
				ProcessInitializeOnLoadMethodAttributes (23ms)
				AfterProcessingInitializeOnLoad (0ms)
				EditorAssembliesLoaded (0ms)
			ExecutionOrderSort2 (0ms)
			AwakeInstancesAfterBackupRestoration (0ms)
Platform modules already initialized, skipping
Registering precompiled user dll's ...
Registered in 0.003086 seconds.
Begin MonoManager ReloadAssembly
Native extension for WindowsStandalone target not found
Refreshing native plugins compatible for Editor in 41.28 ms, found 3 plugins.
Preloading 0 native plugins for Editor in 0.00 ms.
Mono: successfully reloaded assembly
- Completed reload, in  1.022 seconds
Domain Reload Profiling:
	ReloadAssembly (1023ms)
		BeginReloadAssembly (151ms)
			ExecutionOrderSort (0ms)
			DisableScriptedObjects (4ms)
			BackupInstance (0ms)
			ReleaseScriptingObjects (0ms)
			CreateAndSetChildDomain (16ms)
		EndReloadAssembly (810ms)
			LoadAssemblies (104ms)
			RebuildTransferFunctionScriptingTraits (0ms)
			SetupTypeCache (255ms)
			ReleaseScriptCaches (0ms)
			RebuildScriptCaches (41ms)
			SetupLoadedEditorAssemblies (320ms)
				LogAssemblyErrors (0ms)
				InitializePlatformSupportModulesInManaged (3ms)
				SetLoadedEditorAssemblies (0ms)
				RefreshPlugins (41ms)
				BeforeProcessingInitializeOnLoad (84ms)
				ProcessInitializeOnLoadAttributes (164ms)
				ProcessInitializeOnLoadMethodAttributes (15ms)
				AfterProcessingInitializeOnLoad (12ms)
				EditorAssembliesLoaded (0ms)
			ExecutionOrderSort2 (0ms)
			AwakeInstancesAfterBackupRestoration (5ms)
Platform modules already initialized, skipping
========================================================================
Worker process is ready to serve import requests
Launched and connected shader compiler UnityShaderCompiler.exe after 0.04 seconds
Refreshing native plugins compatible for Editor in 0.43 ms, found 3 plugins.
Preloading 0 native plugins for Editor in 0.00 ms.
Unloading 2196 Unused Serialized files (Serialized files now loaded: 0)
System memory in use before: 98.6 MB.
System memory in use after: 98.5 MB.

Unloading 31 unused Assets to reduce memory usage. Loaded Objects now: 2627.
Total: 2.427400 ms (FindLiveObjects: 0.141500 ms CreateObjectMapping: 0.076900 ms MarkObjects: 2.095200 ms  DeleteObjects: 0.113000 ms)

AssetImportParameters requested are different than current active one (requested -> active):
  custom:framework-win-MediaFoundation: 216162199b28c13a410421893ffa2e32 -> 
  custom:video-decoder-ogg-theora: a1e56fd34408186e4bbccfd4996cb3dc -> 
  custom:container-muxer-webm: aa71ff27fc2769a1b78a27578f13a17b -> 
  custom:container-demuxer-webm: 4f35f7cbe854078d1ac9338744f61a02 -> 
  custom:container-demuxer-ogg: 62fdf1f143b41e24485cea50d1cbac27 -> 
  custom:video-encoder-webm-vp8: eb34c28f22e8b96e1ab97ce403110664 -> 
  custom:video-codec-MediaFoundation-h265: 746d11721c4dcdbdad8f713fa42b33f4 -> 
  custom:video-decoder-webm-vp8: 9c59270c3fd7afecdb556c50c9e8de78 -> 
  custom:audio-decoder-ogg-vorbis: bf7c407c2cedff20999df2af8eb42d56 -> 
  custom:audio-encoder-webm-vorbis: bf7c407c2cedff20999df2af8eb42d56 -> 
========================================================================
Received Import Request.
  path: Assets/Resouces
  artifactKey: Guid(216409be1780dd54c90b470df6688745) Importer(815301076,1909f56bfc062723c751e8b465ee728b)
Start importing Assets/Resouces using Guid(216409be1780dd54c90b470df6688745) Importer(815301076,1909f56bfc062723c751e8b465ee728b)  -> (artifact id: '002bafdf2aeea4cf493804859a4dbb07') in 0.005047 seconds 
========================================================================
Received Import Request.
  Time since last request: 0.000181 seconds.
  path: Assets/Resouces/animations
  artifactKey: Guid(98daab8d525001f4088824755a4191da) Importer(815301076,1909f56bfc062723c751e8b465ee728b)
Start importing Assets/Resouces/animations using Guid(98daab8d525001f4088824755a4191da) Importer(815301076,1909f56bfc062723c751e8b465ee728b)  -> (artifact id: '4caed079132af273f345260b82eea9b7') in 0.002128 seconds 
========================================================================
Received Import Request.
  Time since last request: 2.413087 seconds.
  path: Assets/Resouces/Animations
  artifactKey: Guid(98daab8d525001f4088824755a4191da) Importer(815301076,1909f56bfc062723c751e8b465ee728b)
Start importing Assets/Resouces/Animations using Guid(98daab8d525001f4088824755a4191da) Importer(815301076,1909f56bfc062723c751e8b465ee728b)  -> (artifact id: 'e8102178e410a357cc1f4cafc7a4ae3b') in 0.003278 seconds 
========================================================================
Received Import Request.
  Time since last request: 0.422231 seconds.
  path: Assets/Resouces/fonts
  artifactKey: Guid(0472643b7f7896f4dba12ad950b97ead) Importer(815301076,1909f56bfc062723c751e8b465ee728b)
Start importing Assets/Resouces/fonts using Guid(0472643b7f7896f4dba12ad950b97ead) Importer(815301076,1909f56bfc062723c751e8b465ee728b)  -> (artifact id: '03b5399e440a4fa58c7ee495a7177828') in 0.002677 seconds 
========================================================================
Received Import Request.
  Time since last request: 6.502099 seconds.
  path: Assets/Resouces/Fonts
  artifactKey: Guid(0472643b7f7896f4dba12ad950b97ead) Importer(815301076,1909f56bfc062723c751e8b465ee728b)
Start importing Assets/Resouces/Fonts using Guid(0472643b7f7896f4dba12ad950b97ead) Importer(815301076,1909f56bfc062723c751e8b465ee728b)  -> (artifact id: '94b2e66f5a601ca897664ccadef9e543') in 0.003132 seconds 
========================================================================
Received Import Request.
  Time since last request: 0.777496 seconds.
  path: Assets/Resouces/images
  artifactKey: Guid(d34c1435c608b9c4e83b9211297d5299) Importer(815301076,1909f56bfc062723c751e8b465ee728b)
Start importing Assets/Resouces/images using Guid(d34c1435c608b9c4e83b9211297d5299) Importer(815301076,1909f56bfc062723c751e8b465ee728b)  -> (artifact id: 'baba042538b4354089faf6e6d1b27b82') in 0.003269 seconds 
========================================================================
Received Import Request.
  Time since last request: 11.895300 seconds.
  path: Assets/Resouces/Images
  artifactKey: Guid(d34c1435c608b9c4e83b9211297d5299) Importer(815301076,1909f56bfc062723c751e8b465ee728b)
Start importing Assets/Resouces/Images using Guid(d34c1435c608b9c4e83b9211297d5299) Importer(815301076,1909f56bfc062723c751e8b465ee728b)  -> (artifact id: '22cfde4cc0d2492c7a0193af2fd86cc1') in 0.003433 seconds 
========================================================================
Received Import Request.
  Time since last request: 0.929825 seconds.
  path: Assets/Resouces/music
  artifactKey: Guid(5ddc4bda6168c254fa9306067697388f) Importer(815301076,1909f56bfc062723c751e8b465ee728b)
Start importing Assets/Resouces/music using Guid(5ddc4bda6168c254fa9306067697388f) Importer(815301076,1909f56bfc062723c751e8b465ee728b)  -> (artifact id: '6614de01fc6107cba353d97f302ef609') in 0.003480 seconds 
========================================================================
Received Import Request.
  Time since last request: 4.861532 seconds.
  path: Assets/Resouces/Music
  artifactKey: Guid(5ddc4bda6168c254fa9306067697388f) Importer(815301076,1909f56bfc062723c751e8b465ee728b)
Start importing Assets/Resouces/Music using Guid(5ddc4bda6168c254fa9306067697388f) Importer(815301076,1909f56bfc062723c751e8b465ee728b)  -> (artifact id: '6179028d2e853b0686135433eaaad944') in 0.003831 seconds 
========================================================================
Received Import Request.
  Time since last request: 3.360694 seconds.
  path: Assets/Resouces/sound
  artifactKey: Guid(31e5b0308260df647a6561b47d14ea96) Importer(815301076,1909f56bfc062723c751e8b465ee728b)
Start importing Assets/Resouces/sound using Guid(31e5b0308260df647a6561b47d14ea96) Importer(815301076,1909f56bfc062723c751e8b465ee728b)  -> (artifact id: 'e2440a5444f574d599c4e37f0ac5168e') in 0.003411 seconds 
========================================================================
Received Import Request.
  Time since last request: 30.247113 seconds.
  path: Assets/Resouces/Sound
  artifactKey: Guid(31e5b0308260df647a6561b47d14ea96) Importer(815301076,1909f56bfc062723c751e8b465ee728b)
Start importing Assets/Resouces/Sound using Guid(31e5b0308260df647a6561b47d14ea96) Importer(815301076,1909f56bfc062723c751e8b465ee728b)  -> (artifact id: '2b46eb4ef3f3dc94d589266477a59d40') in 0.003763 seconds 
========================================================================
Received Import Request.
  Time since last request: 17.368424 seconds.
  path: Assets/Scenes
  artifactKey: Guid(131a6b21c8605f84396be9f6751fb6e3) Importer(815301076,1909f56bfc062723c751e8b465ee728b)
Start importing Assets/Scenes using Guid(131a6b21c8605f84396be9f6751fb6e3) Importer(815301076,1909f56bfc062723c751e8b465ee728b)  -> (artifact id: 'ffae677c86e903bacef8065336249a81') in 0.003616 seconds 
AssetImportWorkerClient::OnTransportError - code=2 error=End of file
