Using pre-set license
Built from '2020.3/china_unity/release' branch; Version is '2020.3.30f1c1 (b9cd9c36b8f8) revision 12176796'; Using compiler version '192528614'; Build Type 'Release'
OS: 'Windows 10  (10.0.19044) 64bit CoreCountrySpecific' Language: 'zh' Physical Memory: 16291 MB
BatchMode: 1, IsHumanControllingUs: 0, StartBugReporterOnCrash: 0, Is64bit: 1, IsPro: 0

COMMAND LINE ARGUMENTS:
E:\Unity\2020.3.30f1c1\Editor\Unity.exe
-adb2
-batchMode
-noUpm
-name
AssetImportWorker0
-projectPath
D:/github project/HerbTrail
-logFile
Logs/AssetImportWorker0.log
-srvPort
62905
Successfully changed project path to: D:/github project/HerbTrail
D:/github project/HerbTrail
Using Asset Import Pipeline V2.
AS: AutoStreaming module initializing.Refreshing native plugins compatible for Editor in 43.74 ms, found 3 plugins.
Preloading 0 native plugins for Editor in 0.00 ms.
Initialize engine version: 2020.3.30f1c1 (b9cd9c36b8f8)
[Subsystems] Discovering subsystems at path E:/Unity/2020.3.30f1c1/Editor/Data/Resources/UnitySubsystems
[Subsystems] Discovering subsystems at path D:/github project/HerbTrail/Assets
GfxDevice: creating device client; threaded=0
Direct3D:
    Version:  Direct3D 11.0 [level 11.1]
    Renderer: NVIDIA GeForce GTX 1650 Ti (ID=0x1f95)
    Vendor:   
    VRAM:     3962 MB
    Driver:   31.0.15.1601
Initialize mono
Mono path[0] = 'E:/Unity/2020.3.30f1c1/Editor/Data/Managed'
Mono path[1] = 'E:/Unity/2020.3.30f1c1/Editor/Data/MonoBleedingEdge/lib/mono/unityjit'
Mono config path = 'E:/Unity/2020.3.30f1c1/Editor/Data/MonoBleedingEdge/etc'
Using monoOptions --debugger-agent=transport=dt_socket,embedding=1,server=y,suspend=n,address=127.0.0.1:56924
Begin MonoManager ReloadAssembly
Registering precompiled unity dll's ...
Register platform support module: E:/Unity/2020.3.30f1c1/Editor/Data/PlaybackEngines/WindowsStandaloneSupport/UnityEditor.WindowsStandalone.Extensions.dll
Registered in 0.003698 seconds.
Native extension for WindowsStandalone target not found
Refreshing native plugins compatible for Editor in 42.43 ms, found 3 plugins.
Preloading 0 native plugins for Editor in 0.00 ms.
Mono: successfully reloaded assembly
- Completed reload, in  0.596 seconds
Domain Reload Profiling:
	ReloadAssembly (597ms)
		BeginReloadAssembly (76ms)
			ExecutionOrderSort (0ms)
			DisableScriptedObjects (0ms)
			BackupInstance (0ms)
			ReleaseScriptingObjects (0ms)
			CreateAndSetChildDomain (1ms)
		EndReloadAssembly (447ms)
			LoadAssemblies (73ms)
			RebuildTransferFunctionScriptingTraits (0ms)
			SetupTypeCache (147ms)
			ReleaseScriptCaches (0ms)
			RebuildScriptCaches (25ms)
			SetupLoadedEditorAssemblies (167ms)
				LogAssemblyErrors (0ms)
				InitializePlatformSupportModulesInManaged (5ms)
				SetLoadedEditorAssemblies (0ms)
				RefreshPlugins (43ms)
				BeforeProcessingInitializeOnLoad (11ms)
				ProcessInitializeOnLoadAttributes (82ms)
				ProcessInitializeOnLoadMethodAttributes (26ms)
				AfterProcessingInitializeOnLoad (0ms)
				EditorAssembliesLoaded (0ms)
			ExecutionOrderSort2 (0ms)
			AwakeInstancesAfterBackupRestoration (0ms)
Platform modules already initialized, skipping
Registering precompiled user dll's ...
Registered in 0.005081 seconds.
Begin MonoManager ReloadAssembly
Native extension for WindowsStandalone target not found
Refreshing native plugins compatible for Editor in 44.06 ms, found 3 plugins.
Preloading 0 native plugins for Editor in 0.00 ms.
Mono: successfully reloaded assembly
- Completed reload, in  1.125 seconds
Domain Reload Profiling:
	ReloadAssembly (1126ms)
		BeginReloadAssembly (169ms)
			ExecutionOrderSort (0ms)
			DisableScriptedObjects (4ms)
			BackupInstance (0ms)
			ReleaseScriptingObjects (0ms)
			CreateAndSetChildDomain (16ms)
		EndReloadAssembly (892ms)
			LoadAssemblies (118ms)
			RebuildTransferFunctionScriptingTraits (0ms)
			SetupTypeCache (279ms)
			ReleaseScriptCaches (0ms)
			RebuildScriptCaches (45ms)
			SetupLoadedEditorAssemblies (345ms)
				LogAssemblyErrors (0ms)
				InitializePlatformSupportModulesInManaged (3ms)
				SetLoadedEditorAssemblies (0ms)
				RefreshPlugins (44ms)
				BeforeProcessingInitializeOnLoad (95ms)
				ProcessInitializeOnLoadAttributes (175ms)
				ProcessInitializeOnLoadMethodAttributes (16ms)
				AfterProcessingInitializeOnLoad (11ms)
				EditorAssembliesLoaded (0ms)
			ExecutionOrderSort2 (0ms)
			AwakeInstancesAfterBackupRestoration (6ms)
Platform modules already initialized, skipping
========================================================================
Worker process is ready to serve import requests
Launched and connected shader compiler UnityShaderCompiler.exe after 0.04 seconds
Refreshing native plugins compatible for Editor in 0.40 ms, found 3 plugins.
Preloading 0 native plugins for Editor in 0.00 ms.
Unloading 2196 Unused Serialized files (Serialized files now loaded: 0)
System memory in use before: 98.6 MB.
System memory in use after: 98.5 MB.

Unloading 31 unused Assets to reduce memory usage. Loaded Objects now: 2627.
Total: 2.425200 ms (FindLiveObjects: 0.131900 ms CreateObjectMapping: 0.066000 ms MarkObjects: 2.076100 ms  DeleteObjects: 0.150500 ms)

AssetImportParameters requested are different than current active one (requested -> active):
  custom:framework-win-MediaFoundation: 216162199b28c13a410421893ffa2e32 -> 
  custom:video-decoder-ogg-theora: a1e56fd34408186e4bbccfd4996cb3dc -> 
  custom:container-muxer-webm: aa71ff27fc2769a1b78a27578f13a17b -> 
  custom:container-demuxer-webm: 4f35f7cbe854078d1ac9338744f61a02 -> 
  custom:container-demuxer-ogg: 62fdf1f143b41e24485cea50d1cbac27 -> 
  custom:video-encoder-webm-vp8: eb34c28f22e8b96e1ab97ce403110664 -> 
  custom:video-codec-MediaFoundation-h265: 746d11721c4dcdbdad8f713fa42b33f4 -> 
  custom:video-decoder-webm-vp8: 9c59270c3fd7afecdb556c50c9e8de78 -> 
  custom:audio-decoder-ogg-vorbis: bf7c407c2cedff20999df2af8eb42d56 -> 
  custom:audio-encoder-webm-vorbis: bf7c407c2cedff20999df2af8eb42d56 -> 
========================================================================
Received Import Request.
  path: Assets
  artifactKey: Guid(00000000000000001000000000000000) Importer(815301076,1909f56bfc062723c751e8b465ee728b)
Start importing Assets using Guid(00000000000000001000000000000000) Importer(815301076,1909f56bfc062723c751e8b465ee728b)  -> (artifact id: '42d402b061de3733987d63b9cc3b64de') in 0.004588 seconds 
========================================================================
Received Import Request.
  Time since last request: 1.715116 seconds.
  path: Assets/New Folder
  artifactKey: Guid(ba3bd578f098f7d4e89c35cccf5f2a65) Importer(815301076,1909f56bfc062723c751e8b465ee728b)
Start importing Assets/New Folder using Guid(ba3bd578f098f7d4e89c35cccf5f2a65) Importer(815301076,1909f56bfc062723c751e8b465ee728b)  -> (artifact id: '4d45bac6afeb722ebea95fcd82c32a54') in 0.002471 seconds 
========================================================================
Received Import Request.
  Time since last request: 8.319975 seconds.
  path: Assets/Prefabs
  artifactKey: Guid(ba3bd578f098f7d4e89c35cccf5f2a65) Importer(815301076,1909f56bfc062723c751e8b465ee728b)
Start importing Assets/Prefabs using Guid(ba3bd578f098f7d4e89c35cccf5f2a65) Importer(815301076,1909f56bfc062723c751e8b465ee728b)  -> (artifact id: '4d004cf0e7f004c9d70549c12b487e43') in 0.003356 seconds 
========================================================================
Received Import Request.
  Time since last request: 8.550745 seconds.
  path: Assets/Scripts
  artifactKey: Guid(5a4c183412da83548867201e33631777) Importer(815301076,1909f56bfc062723c751e8b465ee728b)
Start importing Assets/Scripts using Guid(5a4c183412da83548867201e33631777) Importer(815301076,1909f56bfc062723c751e8b465ee728b)  -> (artifact id: 'b425639bf2451ae9c81c3d534461808b') in 0.002697 seconds 
========================================================================
Received Import Request.
  Time since last request: 12.693587 seconds.
  path: Assets/resouces
  artifactKey: Guid(216409be1780dd54c90b470df6688745) Importer(815301076,1909f56bfc062723c751e8b465ee728b)
Start importing Assets/resouces using Guid(216409be1780dd54c90b470df6688745) Importer(815301076,1909f56bfc062723c751e8b465ee728b)  -> (artifact id: 'de54d6b48b1db7537700e2b742c67df4') in 0.002894 seconds 
========================================================================
Received Import Request.
  Time since last request: 12.514100 seconds.
  path: Assets/resouces/images
  artifactKey: Guid(d34c1435c608b9c4e83b9211297d5299) Importer(815301076,1909f56bfc062723c751e8b465ee728b)
Start importing Assets/resouces/images using Guid(d34c1435c608b9c4e83b9211297d5299) Importer(815301076,1909f56bfc062723c751e8b465ee728b)  -> (artifact id: 'd04e86ad55466321d2156d966b2b4585') in 0.002578 seconds 
========================================================================
Received Import Request.
  Time since last request: 5.330410 seconds.
  path: Assets/resouces/animations
  artifactKey: Guid(98daab8d525001f4088824755a4191da) Importer(815301076,1909f56bfc062723c751e8b465ee728b)
Start importing Assets/resouces/animations using Guid(98daab8d525001f4088824755a4191da) Importer(815301076,1909f56bfc062723c751e8b465ee728b)  -> (artifact id: 'db5cc957ef421506cec306f1fba9566b') in 0.003658 seconds 
========================================================================
Received Import Request.
  Time since last request: 10.900302 seconds.
  path: Assets/resouces/sound
  artifactKey: Guid(31e5b0308260df647a6561b47d14ea96) Importer(815301076,1909f56bfc062723c751e8b465ee728b)
Start importing Assets/resouces/sound using Guid(31e5b0308260df647a6561b47d14ea96) Importer(815301076,1909f56bfc062723c751e8b465ee728b)  -> (artifact id: '2a6d41f86dd9bc4fff5b332f24ae8169') in 0.003517 seconds 
========================================================================
Received Import Request.
  Time since last request: 4.755980 seconds.
  path: Assets/resouces/music
  artifactKey: Guid(5ddc4bda6168c254fa9306067697388f) Importer(815301076,1909f56bfc062723c751e8b465ee728b)
Start importing Assets/resouces/music using Guid(5ddc4bda6168c254fa9306067697388f) Importer(815301076,1909f56bfc062723c751e8b465ee728b)  -> (artifact id: '0da049a1740d690e9e976e71502da780') in 0.003291 seconds 
========================================================================
Received Import Request.
  Time since last request: 148.430709 seconds.
  path: Assets/resouces/fonts
  artifactKey: Guid(0472643b7f7896f4dba12ad950b97ead) Importer(815301076,1909f56bfc062723c751e8b465ee728b)
Start importing Assets/resouces/fonts using Guid(0472643b7f7896f4dba12ad950b97ead) Importer(815301076,1909f56bfc062723c751e8b465ee728b)  -> (artifact id: '04ee040def2095a6217653d6fbe68e7f') in 0.003232 seconds 
AssetImportWorkerClient::OnTransportError - code=2 error=End of file
